27/02/2017 12:15:23 AM   INFO: Bzp is in relationship with Gct
27/02/2017 12:15:23 AM   INFO: Bzv is in relationship with Grt
27/02/2017 12:15:23 AM   INFO: Bgq is in relationship with Ghv
27/02/2017 12:15:23 AM   INFO: Bhe is in relationship with Gsm
27/02/2017 12:15:23 AM   INFO: Bvk is in relationship with Gfh
27/02/2017 12:15:23 AM   INFO: Bln is in relationship with Gen
27/02/2017 12:15:23 AM   INFO: Bjd is in relationship with Gku
27/02/2017 12:15:23 AM   INFO: Bls is in relationship with Gcn
27/02/2017 12:15:23 AM   INFO: Bvj is in relationship with Gkf
27/02/2017 12:15:23 AM   INFO: Bjr is in relationship with Gxn
27/02/2017 12:15:23 AM   INFO: Bke is in relationship with Gum
27/02/2017 12:15:23 AM   INFO: Bez is in relationship with Gnp
27/02/2017 12:15:23 AM   INFO: Bti is in relationship with Glz
27/02/2017 12:15:23 AM   INFO: Boz is in relationship with Gbo
27/02/2017 12:15:23 AM   INFO: Bxq is in relationship with Geq
27/02/2017 12:15:23 AM   INFO: Bab is in relationship with Giw
27/02/2017 12:17:36 AM   INFO: Bek is in relationship with Gys
27/02/2017 12:17:36 AM   INFO: Bdh is in relationship with Gat
27/02/2017 12:17:36 AM   INFO: Bog is in relationship with Gyl
27/02/2017 12:17:36 AM   INFO: Bfm is in relationship with Gzi
27/02/2017 12:17:36 AM   INFO: Bnt is in relationship with Gic
27/02/2017 12:17:36 AM   INFO: Boz is in relationship with Guj
27/02/2017 12:17:36 AM   INFO: Bhv is in relationship with Gse
27/02/2017 12:17:36 AM   INFO: Bac is in relationship with Glv
27/02/2017 12:17:36 AM   INFO: Bkp is in relationship with Gzt
27/02/2017 12:17:36 AM   INFO: Bce is in relationship with Gln
27/02/2017 12:17:36 AM   INFO: Bqd is in relationship with Gvp
27/02/2017 12:17:36 AM   INFO: Bgk is in relationship with Gov
27/02/2017 12:17:36 AM   INFO: Bmc is in relationship with Grd
